app/build/intermediates/manifest_merge_blame_file/debug/manifest-merger-blame-debug-report.txt
1<?xml version="1.0" encoding="utf-8"?>
2<manifest xmlns:android="http://schemas.android.com/apk/res/android"
3    package="com.example.fyproject"
4    android:versionCode="1"
5    android:versionName="1.0" >
6
7    <uses-sdk
8        android:minSdkVersion="24"
8-->src\main\AndroidManifest.xml
9        android:targetSdkVersion="33" />
9-->src\main\AndroidManifest.xml
10
11    <uses-permission android:name="android.permission.ACCESS_NETWORK_STATE" />
11-->[com.google.android.exoplayer:exoplayer-core:2.15.1] AndroidManifest.xml:24:5-79
11-->[com.google.android.exoplayer:exoplayer-core:2.15.1] AndroidManifest.xml:24:22-76
12
13    <permission
13-->[androidx.core:core:1.9.0] AndroidManifest.xml:22:5-24:47
14        android:name="com.example.fyproject.DYNAMIC_RECEIVER_NOT_EXPORTED_PERMISSION"
14-->[androidx.core:core:1.9.0] AndroidManifest.xml:23:9-81
15        android:protectionLevel="signature" />
15-->[androidx.core:core:1.9.0] AndroidManifest.xml:24:9-44
16
17    <uses-permission android:name="com.example.fyproject.DYNAMIC_RECEIVER_NOT_EXPORTED_PERMISSION" />
17-->[androidx.core:core:1.9.0] AndroidManifest.xml:26:5-97
17-->[androidx.core:core:1.9.0] AndroidManifest.xml:26:22-94
18
19    <application
19-->src\main\AndroidManifest.xml:5:5-80:19
20        android:allowBackup="true"
20-->src\main\AndroidManifest.xml:6:9-35
21        android:appComponentFactory="androidx.core.app.CoreComponentFactory"
21-->[androidx.core:core:1.9.0] AndroidManifest.xml:28:18-86
22        android:dataExtractionRules="@xml/data_extraction_rules"
22-->src\main\AndroidManifest.xml:7:9-65
23        android:debuggable="true"
24        android:exported="true"
24-->src\main\AndroidManifest.xml:8:9-32
25        android:extractNativeLibs="false"
26        android:fullBackupContent="@xml/backup_rules"
26-->src\main\AndroidManifest.xml:9:9-54
27        android:icon="@drawable/rib"
27-->src\main\AndroidManifest.xml:10:9-37
28        android:label="@string/app_name"
28-->src\main\AndroidManifest.xml:11:9-41
29        android:supportsRtl="true"
29-->src\main\AndroidManifest.xml:12:9-35
30        android:testOnly="true"
31        android:theme="@style/Theme.FYProject" >
31-->src\main\AndroidManifest.xml:13:9-47
32        <activity
32-->src\main\AndroidManifest.xml:15:9-17:40
33            android:name="com.example.fyproject.OthersActivity"
33-->src\main\AndroidManifest.xml:16:13-43
34            android:exported="false" />
34-->src\main\AndroidManifest.xml:17:13-37
35        <activity
35-->src\main\AndroidManifest.xml:18:9-20:40
36            android:name="com.example.fyproject.KidneyActivity"
36-->src\main\AndroidManifest.xml:19:13-43
37            android:exported="false" />
37-->src\main\AndroidManifest.xml:20:13-37
38        <activity
38-->src\main\AndroidManifest.xml:21:9-23:40
39            android:name="com.example.fyproject.CardiovascularActivity"
39-->src\main\AndroidManifest.xml:22:13-51
40            android:exported="false" />
40-->src\main\AndroidManifest.xml:23:13-37
41        <activity
41-->src\main\AndroidManifest.xml:24:9-26:40
42            android:name="com.example.fyproject.DiabeticActivity"
42-->src\main\AndroidManifest.xml:25:13-45
43            android:exported="false" />
43-->src\main\AndroidManifest.xml:26:13-37
44        <activity
44-->src\main\AndroidManifest.xml:27:9-29:40
45            android:name="com.example.fyproject.PregnantActivity"
45-->src\main\AndroidManifest.xml:28:13-45
46            android:exported="false" />
46-->src\main\AndroidManifest.xml:29:13-37
47        <activity
47-->src\main\AndroidManifest.xml:30:9-33:65
48            android:name="com.example.fyproject.FullScreenActivity"
48-->src\main\AndroidManifest.xml:31:13-47
49            android:exported="false"
49-->src\main\AndroidManifest.xml:32:13-37
50            android:theme="@style/Theme.FYProject.FullScreen" />
50-->src\main\AndroidManifest.xml:33:13-62
51        <activity
51-->src\main\AndroidManifest.xml:34:9-36:40
52            android:name="com.example.fyproject.SigninActivity"
52-->src\main\AndroidManifest.xml:35:13-43
53            android:exported="false" />
53-->src\main\AndroidManifest.xml:36:13-37
54        <activity
54-->src\main\AndroidManifest.xml:37:9-39:40
55            android:name="com.example.fyproject.Topicalcreams"
55-->src\main\AndroidManifest.xml:38:13-42
56            android:exported="false" />
56-->src\main\AndroidManifest.xml:39:13-37
57        <activity
57-->src\main\AndroidManifest.xml:40:9-42:40
58            android:name="com.example.fyproject.Homeremidies"
58-->src\main\AndroidManifest.xml:41:13-41
59            android:exported="false" />
59-->src\main\AndroidManifest.xml:42:13-37
60        <activity
60-->src\main\AndroidManifest.xml:43:9-45:40
61            android:name="com.example.fyproject.OralMedicine"
61-->src\main\AndroidManifest.xml:44:13-41
62            android:exported="false" />
62-->src\main\AndroidManifest.xml:45:13-37
63        <activity
63-->src\main\AndroidManifest.xml:46:9-48:40
64            android:name="com.example.fyproject.MainActivity9"
64-->src\main\AndroidManifest.xml:47:13-42
65            android:exported="false" />
65-->src\main\AndroidManifest.xml:48:13-37
66        <activity
66-->src\main\AndroidManifest.xml:49:9-51:40
67            android:name="com.example.fyproject.MainActivity8"
67-->src\main\AndroidManifest.xml:50:13-42
68            android:exported="false" />
68-->src\main\AndroidManifest.xml:51:13-37
69        <activity
69-->src\main\AndroidManifest.xml:52:9-54:40
70            android:name="com.example.fyproject.MainActivity7"
70-->src\main\AndroidManifest.xml:53:13-42
71            android:exported="false" />
71-->src\main\AndroidManifest.xml:54:13-37
72        <activity
72-->src\main\AndroidManifest.xml:55:9-57:40
73            android:name="com.example.fyproject.MainActivity6"
73-->src\main\AndroidManifest.xml:56:13-42
74            android:exported="false" />
74-->src\main\AndroidManifest.xml:57:13-37
75        <activity
75-->src\main\AndroidManifest.xml:58:9-60:40
76            android:name="com.example.fyproject.MainActivity5"
76-->src\main\AndroidManifest.xml:59:13-42
77            android:exported="false" />
77-->src\main\AndroidManifest.xml:60:13-37
78        <activity
78-->src\main\AndroidManifest.xml:61:9-63:40
79            android:name="com.example.fyproject.MainActivity3"
79-->src\main\AndroidManifest.xml:62:13-42
80            android:exported="false" />
80-->src\main\AndroidManifest.xml:63:13-37
81        <activity
81-->src\main\AndroidManifest.xml:64:9-66:40
82            android:name="com.example.fyproject.MainActivity2"
82-->src\main\AndroidManifest.xml:65:13-42
83            android:exported="false" />
83-->src\main\AndroidManifest.xml:66:13-37
84        <activity
84-->src\main\AndroidManifest.xml:67:9-75:20
85            android:name="com.example.fyproject.MainActivity"
85-->src\main\AndroidManifest.xml:68:13-41
86            android:exported="true" >
86-->src\main\AndroidManifest.xml:69:13-36
87            <intent-filter>
87-->src\main\AndroidManifest.xml:70:13-74:29
88                <action android:name="android.intent.action.MAIN" />
88-->src\main\AndroidManifest.xml:71:17-69
88-->src\main\AndroidManifest.xml:71:25-66
89
90                <category android:name="android.intent.category.LAUNCHER" />
90-->src\main\AndroidManifest.xml:73:17-77
90-->src\main\AndroidManifest.xml:73:27-74
91            </intent-filter>
92        </activity>
93
94        <meta-data
94-->src\main\AndroidManifest.xml:77:9-79:57
95            android:name="preloaded_fonts"
95-->src\main\AndroidManifest.xml:78:13-43
96            android:resource="@array/preloaded_fonts" />
96-->src\main\AndroidManifest.xml:79:13-54
97
98        <provider
98-->[androidx.emoji2:emoji2:1.2.0] AndroidManifest.xml:24:9-32:20
99            android:name="androidx.startup.InitializationProvider"
99-->[androidx.emoji2:emoji2:1.2.0] AndroidManifest.xml:25:13-67
100            android:authorities="com.example.fyproject.androidx-startup"
100-->[androidx.emoji2:emoji2:1.2.0] AndroidManifest.xml:26:13-68
101            android:exported="false" >
101-->[androidx.emoji2:emoji2:1.2.0] AndroidManifest.xml:27:13-37
102            <meta-data
102-->[androidx.emoji2:emoji2:1.2.0] AndroidManifest.xml:29:13-31:52
103                android:name="androidx.emoji2.text.EmojiCompatInitializer"
103-->[androidx.emoji2:emoji2:1.2.0] AndroidManifest.xml:30:17-75
104                android:value="androidx.startup" />
104-->[androidx.emoji2:emoji2:1.2.0] AndroidManifest.xml:31:17-49
105            <meta-data
105-->[androidx.lifecycle:lifecycle-process:2.4.1] AndroidManifest.xml:31:13-33:52
106                android:name="androidx.lifecycle.ProcessLifecycleInitializer"
106-->[androidx.lifecycle:lifecycle-process:2.4.1] AndroidManifest.xml:32:17-78
107                android:value="androidx.startup" />
107-->[androidx.lifecycle:lifecycle-process:2.4.1] AndroidManifest.xml:33:17-49
108        </provider>
109    </application>
110
111</manifest>